<?xml version="1.0" encoding="UTF-8"?>
<!-- Generated by org.testng.reporters.JUnitReportReporter -->
<testsuite hostname="MSI" failures="0" tests="1" name="com.ui.test.LoginTest" time="11.354" errors="0" timestamp="2025-05-29T22:50:47 IST" skipped="0">
  <testcase classname="com.ui.test.LoginTest" name="loginTest" time="11.354"/>
</testsuite> <!-- com.ui.test.LoginTest -->
